#
# There is insufficient memory for the Java Runtime Environment to continue.
# Native memory allocation (malloc) failed to allocate 1048576 bytes for AllocateHeap
# Possible reasons:
#   The system is out of physical RAM or swap space
#   The process is running with CompressedOops enabled, and the Java Heap may be blocking the growth of the native heap
# Possible solutions:
#   Reduce memory load on the system
#   Increase physical memory or swap space
#   Check if swap backing store is full
#   Decrease Java heap size (-Xmx/-Xms)
#   Decrease number of Java threads
#   Decrease Java thread stack sizes (-Xss)
#   Set larger code cache with -XX:ReservedCodeCacheSize=
#   JVM is running with Unscaled Compressed Oops mode in which the Java heap is
#     placed in the first 4GB address space. The Java Heap base address is the
#     maximum limit for the native heap growth. Please use -XX:HeapBaseMinAddress
#     to set the Java Heap base and to place the Java Heap above 4GB virtual address.
# This output file may be truncated or incomplete.
#
#  Out of Memory Error (./open/src/hotspot/share/memory/allocation.cpp:46), pid=12176, tid=17132
#
# JRE version: Java(TM) SE Runtime Environment 18.9 (11.0.15+8) (build 11.0.15+8-LTS-149)
# Java VM: Java HotSpot(TM) 64-Bit Server VM 18.9 (11.0.15+8-LTS-149, mixed mode, tiered, compressed oops, g1 gc, windows-amd64)
# No core dump will be written. Minidumps are not enabled by default on client versions of Windows
#

---------------  S U M M A R Y ------------

Command Line: -Xmx1g -XX:+IgnoreUnrecognizedVMOptions --add-opens=java.base/java.lang=ALL-UNNAMED --add-opens=java.base/java.lang.invoke=ALL-UNNAMED --add-opens=java.base/java.lang.reflect=ALL-UNNAMED --add-opens=java.base/java.io=ALL-UNNAMED --add-opens=java.base/java.net=ALL-UNNAMED --add-opens=java.base/java.nio=ALL-UNNAMED --add-opens=java.base/java.util=ALL-UNNAMED --add-opens=java.base/java.util.concurrent=ALL-UNNAMED --add-opens=java.base/java.util.concurrent.atomic=ALL-UNNAMED --add-opens=java.base/sun.nio.ch=ALL-UNNAMED --add-opens=java.base/sun.nio.cs=ALL-UNNAMED --add-opens=java.base/sun.security.action=ALL-UNNAMED --add-opens=java.base/sun.util.calendar=ALL-UNNAMED --add-opens=java.security.jgss/sun.security.krb5=ALL-UNNAMED -Djdk.reflect.useDirectMethodHandle=false org.apache.spark.deploy.SparkSubmit pyspark-shell

Host: Intel(R) Core(TM) i7-5500U CPU @ 2.40GHz, 4 cores, 7G,  Windows 10 , 64 bit Build 19041 (10.0.19041.3636)
Time: Mon Feb  5 07:06:25 2024 SA Western Standard Time elapsed time: 43221.323599 seconds (0d 12h 0m 21s)

---------------  T H R E A D  ---------------

Current thread (0x000001ebac78a000):  VMThread "VM Thread" [stack: 0x000000858e400000,0x000000858e500000] [id=17132]

Stack: [0x000000858e400000,0x000000858e500000]
[error occurred during error reporting (printing stack bounds), id 0xc0000005, EXCEPTION_ACCESS_VIOLATION (0xc0000005) at pc=0x000001eb98cb0f2d]

Native frames: (J=compiled Java code, j=interpreted, Vv=VM code, C=native code)
V  [jvm.dll+0x629d8a]
V  [jvm.dll+0x7638ff]
V  [jvm.dll+0x764fa9]
V  [jvm.dll+0x765595]
V  [jvm.dll+0x76554b]
V  [jvm.dll+0x629273]
V  [jvm.dll+0x629988]
C  [ntdll.dll+0xa23af]
C  [ntdll.dll+0x514b4]
C  [ntdll.dll+0xa0ebe]
C  0x000001eb98cb0f2d

VM_Operation (0x00000085919fee50): G1CollectFull, mode: safepoint, requested by thread 0x000001ebb0fe5800


---------------  P R O C E S S  ---------------

Threads class SMR info:
_java_thread_list=0x000001ebb7a1eec0, length=60, elements={
0x000001eb91623000, 0x000001ebac78d800, 0x000001ebac797000, 0x000001ebac7ab800,
0x000001ebac7ad800, 0x000001ebac7af000, 0x000001ebac7b2800, 0x000001ebac7dd000,
0x000001ebad169000, 0x000001ebad3ff000, 0x000001ebad272800, 0x000001ebad3ae800,
0x000001ebaf3a1000, 0x000001ebaf62b800, 0x000001ebb0ec2800, 0x000001ebafc02800,
0x000001ebae34b000, 0x000001ebae34c000, 0x000001ebb1738800, 0x000001ebae32a800,
0x000001ebae325000, 0x000001ebae329000, 0x000001ebae326800, 0x000001ebae32b800,
0x000001ebae32a000, 0x000001ebae325800, 0x000001ebae327800, 0x000001ebae328000,
0x000001ebaf090800, 0x000001ebaf08f000, 0x000001ebaf08c800, 0x000001ebaf091800,
0x000001ebaf090000, 0x000001ebaf08d800, 0x000001ebaf08c000, 0x000001ebaf092800,
0x000001ebaf08e000, 0x000001ebb0fdc800, 0x000001ebb0fda000, 0x000001ebb0fdd800,
0x000001ebb0fde800, 0x000001ebb0fdc000, 0x000001ebb0fdf000, 0x000001ebb0fe0000,
0x000001ebb0fe1000, 0x000001ebb0fdb000, 0x000001ebb0fe6800, 0x000001ebb0fe5000,
0x000001ebb0fe3000, 0x000001ebb0fe5800, 0x000001ebb0fe7800, 0x000001ebb0fe2800,
0x000001ebb0fe1800, 0x000001ebb0fe8000, 0x000001ebb8173800, 0x000001ebb8177800,
0x000001ebb817d800, 0x000001ebb3210000, 0x000001ebaf138000, 0x000001ebaf13b800
}

Java Threads: ( => current thread )
  0x000001eb91623000 JavaThread "main" [_thread_in_native, id=11712, stack(0x000000858de00000,0x000000858df00000)]
  0x000001ebac78d800 JavaThread "Reference Handler" daemon [_thread_blocked, id=9812, stack(0x000000858e500000,0x000000858e600000)]
  0x000001ebac797000 JavaThread "Finalizer" daemon [_thread_blocked, id=5012, stack(0x000000858e600000,0x000000858e700000)]
  0x000001ebac7ab800 JavaThread "Signal Dispatcher" daemon [_thread_blocked, id=8156, stack(0x000000858e700000,0x000000858e800000)]
  0x000001ebac7ad800 JavaThread "Attach Listener" daemon [_thread_blocked, id=12980, stack(0x000000858e800000,0x000000858e900000)]
  0x000001ebac7af000 JavaThread "Service Thread" daemon [_thread_blocked, id=21392, stack(0x000000858e900000,0x000000858ea00000)]
  0x000001ebac7b2800 JavaThread "C2 CompilerThread0" daemon [_thread_blocked, id=2124, stack(0x000000858ea00000,0x000000858eb00000)]
  0x000001ebac7dd000 JavaThread "C1 CompilerThread0" daemon [_thread_blocked, id=22844, stack(0x000000858eb00000,0x000000858ec00000)]
  0x000001ebad169000 JavaThread "Sweeper thread" daemon [_thread_blocked, id=8132, stack(0x000000858ec00000,0x000000858ed00000)]
  0x000001ebad3ff000 JavaThread "Common-Cleaner" daemon [_thread_blocked, id=25748, stack(0x000000858ed00000,0x000000858ee00000)]
  0x000001ebad272800 JavaThread "Thread-1" [_thread_in_native, id=21900, stack(0x000000858f100000,0x000000858f200000)]
  0x000001ebad3ae800 JavaThread "Thread-2" [_thread_in_native, id=11628, stack(0x000000858f200000,0x000000858f300000)]
  0x000001ebaf3a1000 JavaThread "Thread-3" [_thread_in_native, id=26980, stack(0x000000858f300000,0x000000858f400000)]
  0x000001ebaf62b800 JavaThread "rpc-boss-3-1" daemon [_thread_in_native, id=9392, stack(0x000000858f500000,0x000000858f600000)]
  0x000001ebb0ec2800 JavaThread "dispatcher-event-loop-0" daemon [_thread_blocked, id=5456, stack(0x000000858f600000,0x000000858f700000)]
  0x000001ebafc02800 JavaThread "dispatcher-event-loop-1" daemon [_thread_blocked, id=25868, stack(0x000000858f700000,0x000000858f800000)]
  0x000001ebae34b000 JavaThread "dispatcher-event-loop-2" daemon [_thread_blocked, id=15112, stack(0x000000858f800000,0x000000858f900000)]
  0x000001ebae34c000 JavaThread "dispatcher-event-loop-3" daemon [_thread_blocked, id=21612, stack(0x000000858f900000,0x000000858fa00000)]
  0x000001ebb1738800 JavaThread "map-output-dispatcher-0" daemon [_thread_blocked, id=5480, stack(0x000000858fa00000,0x000000858fb00000)]
  0x000001ebae32a800 JavaThread "map-output-dispatcher-1" daemon [_thread_blocked, id=21816, stack(0x000000858fb00000,0x000000858fc00000)]
  0x000001ebae325000 JavaThread "map-output-dispatcher-2" daemon [_thread_blocked, id=10268, stack(0x000000858fc00000,0x000000858fd00000)]
  0x000001ebae329000 JavaThread "map-output-dispatcher-3" daemon [_thread_blocked, id=20580, stack(0x000000858fd00000,0x000000858fe00000)]
  0x000001ebae326800 JavaThread "map-output-dispatcher-4" daemon [_thread_blocked, id=21048, stack(0x000000858fe00000,0x000000858ff00000)]
  0x000001ebae32b800 JavaThread "map-output-dispatcher-5" daemon [_thread_blocked, id=9928, stack(0x000000858ff00000,0x0000008590000000)]
  0x000001ebae32a000 JavaThread "map-output-dispatcher-6" daemon [_thread_blocked, id=19352, stack(0x0000008590000000,0x0000008590100000)]
  0x000001ebae325800 JavaThread "map-output-dispatcher-7" daemon [_thread_blocked, id=20000, stack(0x0000008590100000,0x0000008590200000)]
  0x000001ebae327800 JavaThread "dispatcher-BlockManagerMaster" daemon [_thread_blocked, id=3888, stack(0x0000008590200000,0x0000008590300000)]
  0x000001ebae328000 JavaThread "dispatcher-BlockManagerEndpoint1" daemon [_thread_blocked, id=4516, stack(0x0000008590300000,0x0000008590400000)]
  0x000001ebaf090800 JavaThread "RemoteBlock-temp-file-clean-thread" daemon [_thread_blocked, id=3952, stack(0x0000008590400000,0x0000008590500000)]
  0x000001ebaf08f000 JavaThread "refresh progress" daemon [_thread_blocked, id=13288, stack(0x0000008590500000,0x0000008590600000)]
  0x000001ebaf08c800 JavaThread "SparkUI-35" daemon [_thread_in_native, id=21112, stack(0x0000008590600000,0x0000008590700000)]
  0x000001ebaf091800 JavaThread "SparkUI-36" daemon [_thread_in_native, id=3976, stack(0x0000008590700000,0x0000008590800000)]
  0x000001ebaf090000 JavaThread "SparkUI-37-acceptor-0@26c6d42e-ServerConnector@28013e86{HTTP/1.1, (http/1.1)}{0.0.0.0:4041}" daemon [_thread_in_native, id=3300, stack(0x0000008590800000,0x0000008590900000)]
  0x000001ebaf08d800 JavaThread "SparkUI-38" daemon [_thread_blocked, id=24848, stack(0x0000008590900000,0x0000008590a00000)]
  0x000001ebaf08c000 JavaThread "SparkUI-39" daemon [_thread_blocked, id=25676, stack(0x0000008590a00000,0x0000008590b00000)]
  0x000001ebaf092800 JavaThread "SparkUI-40" daemon [_thread_blocked, id=27384, stack(0x0000008590b00000,0x0000008590c00000)]
  0x000001ebaf08e000 JavaThread "SparkUI-41" daemon [_thread_blocked, id=11416, stack(0x0000008590c00000,0x0000008590d00000)]
  0x000001ebb0fdc800 JavaThread "SparkUI-42" daemon [_thread_blocked, id=16776, stack(0x0000008590d00000,0x0000008590e00000)]
  0x000001ebb0fda000 JavaThread "dispatcher-HeartbeatReceiver" daemon [_thread_blocked, id=27316, stack(0x0000008590e00000,0x0000008590f00000)]
  0x000001ebb0fdd800 JavaThread "heartbeat-receiver-event-loop-thread" daemon [_thread_blocked, id=828, stack(0x0000008590f00000,0x0000008591000000)]
  0x000001ebb0fde800 JavaThread "task-starvation-timer" daemon [_thread_blocked, id=22132, stack(0x0000008591000000,0x0000008591100000)]
  0x000001ebb0fdc000 JavaThread "task-abort-timer" daemon [_thread_blocked, id=6904, stack(0x0000008591100000,0x0000008591200000)]
  0x000001ebb0fdf000 JavaThread "netty-rpc-env-timeout" daemon [_thread_blocked, id=26872, stack(0x0000008591200000,0x0000008591300000)]
  0x000001ebb0fe0000 JavaThread "dag-scheduler-event-loop" daemon [_thread_blocked, id=10880, stack(0x0000008591300000,0x0000008591400000)]
  0x000001ebb0fe1000 JavaThread "driver-heartbeater" daemon [_thread_blocked, id=11032, stack(0x0000008591400000,0x0000008591500000)]
  0x000001ebb0fdb000 JavaThread "executor-kill-mark-cleanup" daemon [_thread_blocked, id=12744, stack(0x0000008591500000,0x0000008591600000)]
  0x000001ebb0fe6800 JavaThread "executor-heartbeater" daemon [_thread_blocked, id=12224, stack(0x0000008591600000,0x0000008591700000)]
  0x000001ebb0fe5000 JavaThread "shuffle-boss-6-1" daemon [_thread_in_native, id=23344, stack(0x0000008591700000,0x0000008591800000)]
  0x000001ebb0fe3000 JavaThread "Spark Context Cleaner" daemon [_thread_blocked, id=5468, stack(0x0000008591800000,0x0000008591900000)]
  0x000001ebb0fe5800 JavaThread "context-cleaner-periodic-gc" daemon [_thread_blocked, id=25228, stack(0x0000008591900000,0x0000008591a00000)]
  0x000001ebb0fe7800 JavaThread "spark-listener-group-appStatus" daemon [_thread_blocked, id=15436, stack(0x0000008591a00000,0x0000008591b00000)]
  0x000001ebb0fe2800 JavaThread "spark-listener-group-executorManagement" daemon [_thread_blocked, id=12624, stack(0x0000008591b00000,0x0000008591c00000)]
  0x000001ebb0fe1800 JavaThread "element-tracking-store-worker" daemon [_thread_blocked, id=21292, stack(0x0000008591d00000,0x0000008591e00000)]
  0x000001ebb0fe8000 JavaThread "org.apache.hadoop.fs.FileSystem$Statistics$StatisticsDataReferenceCleaner" daemon [_thread_blocked, id=19920, stack(0x0000008591e00000,0x0000008591f00000)]
  0x000001ebb8173800 JavaThread "task-result-getter-0" daemon [_thread_blocked, id=24320, stack(0x0000008591c00000,0x0000008591d00000)]
  0x000001ebb8177800 JavaThread "task-result-getter-1" daemon [_thread_blocked, id=10432, stack(0x0000008592700000,0x0000008592800000)]
  0x000001ebb817d800 JavaThread "task-result-getter-2" daemon [_thread_blocked, id=6988, stack(0x0000008592400000,0x0000008592500000)]
  0x000001ebb3210000 JavaThread "task-result-getter-3" daemon [_thread_blocked, id=18964, stack(0x000000858dc00000,0x000000858dd00000)]
  0x000001ebaf138000 JavaThread "shuffle-client-5-1" daemon [_thread_in_native, id=23332, stack(0x0000008595500000,0x0000008595600000)]
  0x000001ebaf13b800 JavaThread "shuffle-server-7-1" daemon [_thread_in_native, id=20112, stack(0x0000008595700000,0x0000008595800000)]

Other Threads:
=>0x000001ebac78a000 VMThread "VM Thread" [stack: 0x000000858e400000,0x000000858e500000] [id=17132]
  0x000001ebad401000 WatcherThread [stack: 0x000000858ee00000,0x000000858ef00000] [id=21676]
  0x000001eb91639800 GCTaskThread "GC Thread#0" [stack: 0x000000858df00000,0x000000858e000000] [id=5992]
  0x000001ebad5f3800 GCTaskThread "GC Thread#1" [stack: 0x000000858ef00000,0x000000858f000000] [id=27644]
  0x000001ebada78000 GCTaskThread "GC Thread#2" [stack: 0x000000858f000000,0x000000858f100000] [id=8384]
  0x000001ebaf094800 GCTaskThread "GC Thread#3" [stack: 0x000000858f400000,0x000000858f500000] [id=22932]
  0x000001eb91651800 ConcurrentGCThread "G1 Main Marker" [stack: 0x000000858e000000,0x000000858e100000] [id=8752]
  0x000001eb91653000 ConcurrentGCThread "G1 Conc#0" [stack: 0x000000858e100000,0x000000858e200000] [id=11940]
  0x000001ebac5e0800 ConcurrentGCThread "G1 Refine#0" [stack: 0x000000858e200000,0x000000858e300000] [id=4804]
  0x000001ebac5e1000 ConcurrentGCThread "G1 Young RemSet Sampling" [stack: 0x000000858e300000,0x000000858e400000] [id=17708]

Threads with active compile tasks:

VM state:at safepoint (normal execution)

VM Mutex/Monitor currently owned by a thread:  ([mutex/lock_event])
[0x000001eb9161f0d0] Threads_lock - owner thread: 0x000001ebac78a000
[0x000001eb9161ee90] Heap_lock - owner thread: 0x000001ebb0fe5800

Heap address: 0x00000000c0000000, size: 1024 MB, Compressed Oops mode: 32-bit
Narrow klass base: 0x0000000000000000, Narrow klass shift: 3
Compressed class space size: 1073741824 Address: 0x0000000100000000

Heap:
 garbage-first heap   total 174080K, used 59753K [0x00000000c0000000, 0x0000000100000000)
  region size 1024K, 10 young (10240K), 0 survivors (0K)
 Metaspace       used 134215K, capacity 141450K, committed 143336K, reserved 1169408K
  class space    used 18955K, capacity 22493K, committed 23064K, reserved 1048576K
Heap Regions: E=young(eden), S=young(survivor), O=old, HS=humongous(starts), HC=humongous(continues), CS=collection set, F=free, A=archive, TAMS=top-at-mark-start (previous, next)
|   0|0x00000000c0000000, 0x00000000c0100000, 0x00000000c0100000|100%|HS|  |TAMS 0x00000000c0000000, 0x00000000c0000000| Untracked 
|   1|0x00000000c0100000, 0x00000000c0200000, 0x00000000c0200000|100%|HS|  |TAMS 0x00000000c0100000, 0x00000000c0100000| Untracked 
|   2|0x00000000c0200000, 0x00000000c0300000, 0x00000000c0300000|100%|HC|  |TAMS 0x00000000c0200000, 0x00000000c0200000| Untracked 
|   3|0x00000000c0300000, 0x00000000c0400000, 0x00000000c0400000|100%|HS|  |TAMS 0x00000000c0300000, 0x00000000c0300000| Untracked 
|   4|0x00000000c0400000, 0x00000000c0500000, 0x00000000c0500000|100%|HC|  |TAMS 0x00000000c0400000, 0x00000000c0400000| Untracked 
|   5|0x00000000c0500000, 0x00000000c0600000, 0x00000000c0600000|100%|HC|  |TAMS 0x00000000c0500000, 0x00000000c0500000| Untracked 
|   6|0x00000000c0600000, 0x00000000c0700000, 0x00000000c0700000|100%|HS|  |TAMS 0x00000000c0600000, 0x00000000c0600000| Untracked 
|   7|0x00000000c0700000, 0x00000000c0800000, 0x00000000c0800000|100%|HS|  |TAMS 0x00000000c0700000, 0x00000000c0700000| Untracked 
|   8|0x00000000c0800000, 0x00000000c08fa578, 0x00000000c0900000| 97%| O|  |TAMS 0x00000000c0800000, 0x00000000c0800000| Untracked 
|   9|0x00000000c0900000, 0x00000000c09fffe8, 0x00000000c0a00000| 99%| O|  |TAMS 0x00000000c0900000, 0x00000000c0900000| Untracked 
|  10|0x00000000c0a00000, 0x00000000c0affff0, 0x00000000c0b00000| 99%| O|  |TAMS 0x00000000c0a00000, 0x00000000c0a00000| Untracked 
|  11|0x00000000c0b00000, 0x00000000c0c00000, 0x00000000c0c00000|100%| O|  |TAMS 0x00000000c0b00000, 0x00000000c0b00000| Untracked 
|  12|0x00000000c0c00000, 0x00000000c0cffff8, 0x00000000c0d00000| 99%| O|  |TAMS 0x00000000c0c00000, 0x00000000c0c00000| Untracked 
|  13|0x00000000c0d00000, 0x00000000c0e00000, 0x00000000c0e00000|100%| O|  |TAMS 0x00000000c0d00000, 0x00000000c0d00000| Untracked 
|  14|0x00000000c0e00000, 0x00000000c0effff8, 0x00000000c0f00000| 99%| O|  |TAMS 0x00000000c0e00000, 0x00000000c0e00000| Untracked 
|  15|0x00000000c0f00000, 0x00000000c0fffff0, 0x00000000c1000000| 99%| O|  |TAMS 0x00000000c0f00000, 0x00000000c0f00000| Untracked 
|  16|0x00000000c1000000, 0x00000000c10e3f58, 0x00000000c1100000| 89%| O|  |TAMS 0x00000000c1000000, 0x00000000c1000000| Untracked 
|  17|0x00000000c1100000, 0x00000000c1200000, 0x00000000c1200000|100%|HS|  |TAMS 0x00000000c1100000, 0x00000000c1100000| Untracked 
|  18|0x00000000c1200000, 0x00000000c1300000, 0x00000000c1300000|100%|HS|  |TAMS 0x00000000c1200000, 0x00000000c1200000| Untracked 
|  19|0x00000000c1300000, 0x00000000c13fb528, 0x00000000c1400000| 98%| O|  |TAMS 0x00000000c1300000, 0x00000000c1300000| Untracked 
|  20|0x00000000c1400000, 0x00000000c14ffff0, 0x00000000c1500000| 99%| O|  |TAMS 0x00000000c1400000, 0x00000000c1400000| Untracked 
|  21|0x00000000c1500000, 0x00000000c1600000, 0x00000000c1600000|100%| O|  |TAMS 0x00000000c1500000, 0x00000000c1500000| Untracked 
|  22|0x00000000c1600000, 0x00000000c16ffff0, 0x00000000c1700000| 99%| O|  |TAMS 0x00000000c1600000, 0x00000000c1600000| Untracked 
|  23|0x00000000c1700000, 0x00000000c1800000, 0x00000000c1800000|100%| O|  |TAMS 0x00000000c1700000, 0x00000000c1700000| Untracked 
|  24|0x00000000c1800000, 0x00000000c1900000, 0x00000000c1900000|100%| O|  |TAMS 0x00000000c1800000, 0x00000000c1800000| Untracked 
|  25|0x00000000c1900000, 0x00000000c19ffff8, 0x00000000c1a00000| 99%| O|  |TAMS 0x00000000c1900000, 0x00000000c1900000| Untracked 
|  26|0x00000000c1a00000, 0x00000000c1afff88, 0x00000000c1b00000| 99%| O|  |TAMS 0x00000000c1a00000, 0x00000000c1a00000| Untracked 
|  27|0x00000000c1b00000, 0x00000000c1bfffa8, 0x00000000c1c00000| 99%| O|  |TAMS 0x00000000c1b00000, 0x00000000c1b00000| Untracked 
|  28|0x00000000c1c00000, 0x00000000c1cfffb0, 0x00000000c1d00000| 99%| O|  |TAMS 0x00000000c1c00000, 0x00000000c1c00000| Untracked 
|  29|0x00000000c1d00000, 0x00000000c1dfffd8, 0x00000000c1e00000| 99%| O|  |TAMS 0x00000000c1d00000, 0x00000000c1d00000| Untracked 
|  30|0x00000000c1e00000, 0x00000000c1efffd8, 0x00000000c1f00000| 99%| O|  |TAMS 0x00000000c1e00000, 0x00000000c1e00000| Untracked 
|  31|0x00000000c1f00000, 0x00000000c1fffff0, 0x00000000c2000000| 99%| O|  |TAMS 0x00000000c1f00000, 0x00000000c1f00000| Untracked 
|  32|0x00000000c2000000, 0x00000000c20fffe8, 0x00000000c2100000| 99%| O|  |TAMS 0x00000000c2000000, 0x00000000c2000000| Untracked 
|  33|0x00000000c2100000, 0x00000000c21ffff8, 0x00000000c2200000| 99%| O|  |TAMS 0x00000000c2100000, 0x00000000c2100000| Untracked 
|  34|0x00000000c2200000, 0x00000000c2300000, 0x00000000c2300000|100%| O|  |TAMS 0x00000000c2200000, 0x00000000c2200000| Untracked 
|  35|0x00000000c2300000, 0x00000000c23ffff8, 0x00000000c2400000| 99%| O|  |TAMS 0x00000000c2300000, 0x00000000c2300000| Untracked 
|  36|0x00000000c2400000, 0x00000000c2500000, 0x00000000c2500000|100%| O|  |TAMS 0x00000000c2400000, 0x00000000c2400000| Untracked 
|  37|0x00000000c2500000, 0x00000000c25ffff8, 0x00000000c2600000| 99%| O|  |TAMS 0x00000000c2500000, 0x00000000c2500000| Untracked 
|  38|0x00000000c2600000, 0x00000000c26ffff8, 0x00000000c2700000| 99%| O|  |TAMS 0x00000000c2600000, 0x00000000c2600000| Untracked 
|  39|0x00000000c2700000, 0x00000000c27fff90, 0x00000000c2800000| 99%| O|  |TAMS 0x00000000c2700000, 0x00000000c2700000| Untracked 
|  40|0x00000000c2800000, 0x00000000c28ffea8, 0x00000000c2900000| 99%| O|  |TAMS 0x00000000c2800000, 0x00000000c2800000| Untracked 
|  41|0x00000000c2900000, 0x00000000c2a00000, 0x00000000c2a00000|100%| O|  |TAMS 0x00000000c2900000, 0x00000000c2900000| Untracked 
|  42|0x00000000c2a00000, 0x00000000c2affff0, 0x00000000c2b00000| 99%| O|  |TAMS 0x00000000c2a00000, 0x00000000c2a00000| Untracked 
|  43|0x00000000c2b00000, 0x00000000c2bffff8, 0x00000000c2c00000| 99%| O|  |TAMS 0x00000000c2b00000, 0x00000000c2b00000| Untracked 
|  44|0x00000000c2c00000, 0x00000000c2cfffe0, 0x00000000c2d00000| 99%| O|  |TAMS 0x00000000c2c00000, 0x00000000c2c00000| Untracked 
|  45|0x00000000c2d00000, 0x00000000c2dffff0, 0x00000000c2e00000| 99%| O|  |TAMS 0x00000000c2d00000, 0x00000000c2d00000| Untracked 
|  46|0x00000000c2e00000, 0x00000000c2effff8, 0x00000000c2f00000| 99%| O|  |TAMS 0x00000000c2e00000, 0x00000000c2e00000| Untracked 
|  47|0x00000000c2f00000, 0x00000000c2ff4980, 0x00000000c3000000| 95%| O|  |TAMS 0x00000000c2f00000, 0x00000000c2f00000| Untracked 
|  48|0x00000000c3000000, 0x00000000c30ef720, 0x00000000c3100000| 93%| O|  |TAMS 0x00000000c3000000, 0x00000000c3000000| Untracked 
|  49|0x00000000c3100000, 0x00000000c314bb20, 0x00000000c3200000| 29%| O|  |TAMS 0x00000000c3100000, 0x00000000c3100000| Untracked 
|  50|0x00000000c3200000, 0x00000000c3200000, 0x00000000c3300000|  0%| F|  |TAMS 0x00000000c3200000, 0x00000000c3200000| Untracked 
|  51|0x00000000c3300000, 0x00000000c3300000, 0x00000000c3400000|  0%| F|  |TAMS 0x00000000c3300000, 0x00000000c3300000| Untracked 
|  52|0x00000000c3400000, 0x00000000c3400000, 0x00000000c3500000|  0%| F|  |TAMS 0x00000000c3400000, 0x00000000c3400000| Untracked 
|  53|0x00000000c3500000, 0x00000000c3500000, 0x00000000c3600000|  0%| F|  |TAMS 0x00000000c3500000, 0x00000000c3500000| Untracked 
|  54|0x00000000c3600000, 0x00000000c3600000, 0x00000000c3700000|  0%| F|  |TAMS 0x00000000c3600000, 0x00000000c3600000| Untracked 
|  55|0x00000000c3700000, 0x00000000c3700000, 0x00000000c3800000|  0%| F|  |TAMS 0x00000000c3700000, 0x00000000c3700000| Untracked 
|  56|0x00000000c3800000, 0x00000000c3800000, 0x00000000c3900000|  0%| F|  |TAMS 0x00000000c3800000, 0x00000000c3800000| Untracked 
|  57|0x00000000c3900000, 0x00000000c3900000, 0x00000000c3a00000|  0%| F|  |TAMS 0x00000000c3900000, 0x00000000c3900000| Untracked 
|  58|0x00000000c3a00000, 0x00000000c3a00000, 0x00000000c3b00000|  0%| F|  |TAMS 0x00000000c3a00000, 0x00000000c3a00000| Untracked 
|  59|0x00000000c3b00000, 0x00000000c3b513b8, 0x00000000c3c00000| 31%| O|  |TAMS 0x00000000c3b00000, 0x00000000c3b00000| Untracked 
|  60|0x00000000c3c00000, 0x00000000c3c00000, 0x00000000c3d00000|  0%| F|  |TAMS 0x00000000c3c00000, 0x00000000c3c00000| Untracked 
|  61|0x00000000c3d00000, 0x00000000c3d00000, 0x00000000c3e00000|  0%| F|  |TAMS 0x00000000c3d00000, 0x00000000c3d00000| Untracked 
|  62|0x00000000c3e00000, 0x00000000c3e00000, 0x00000000c3f00000|  0%| F|  |TAMS 0x00000000c3e00000, 0x00000000c3e00000| Untracked 
|  63|0x00000000c3f00000, 0x00000000c3f00000, 0x00000000c4000000|  0%| F|  |TAMS 0x00000000c3f00000, 0x00000000c3f00000| Untracked 
|  64|0x00000000c4000000, 0x00000000c4000000, 0x00000000c4100000|  0%| F|  |TAMS 0x00000000c4000000, 0x00000000c4000000| Untracked 
|  65|0x00000000c4100000, 0x00000000c4100000, 0x00000000c4200000|  0%| F|  |TAMS 0x00000000c4100000, 0x00000000c4100000| Untracked 
|  66|0x00000000c4200000, 0x00000000c4200000, 0x00000000c4300000|  0%| F|  |TAMS 0x00000000c4200000, 0x00000000c4200000| Untracked 
|  67|0x00000000c4300000, 0x00000000c4300000, 0x00000000c4400000|  0%| F|  |TAMS 0x00000000c4300000, 0x00000000c4300000| Untracked 
|  68|0x00000000c4400000, 0x00000000c4400000, 0x00000000c4500000|  0%| F|  |TAMS 0x00000000c4400000, 0x00000000c4400000| Untracked 
|  69|0x00000000c4500000, 0x00000000c4500000, 0x00000000c4600000|  0%| F|  |TAMS 0x00000000c4500000, 0x00000000c4500000| Untracked 
|  70|0x00000000c4600000, 0x00000000c4600000, 0x00000000c4700000|  0%| F|  |TAMS 0x00000000c4600000, 0x00000000c4600000| Untracked 
|  71|0x00000000c4700000, 0x00000000c4700000, 0x00000000c4800000|  0%| F|  |TAMS 0x00000000c4700000, 0x00000000c4700000| Untracked 
|  72|0x00000000c4800000, 0x00000000c4800000, 0x00000000c4900000|  0%| F|  |TAMS 0x00000000c4800000, 0x00000000c4800000| Untracked 
|  73|0x00000000c4900000, 0x00000000c4900000, 0x00000000c4a00000|  0%| F|  |TAMS 0x00000000c4900000, 0x00000000c4900000| Untracked 
|  74|0x00000000c4a00000, 0x00000000c4a00000, 0x00000000c4b00000|  0%| F|  |TAMS 0x00000000c4a00000, 0x00000000c4a00000| Untracked 
|  75|0x00000000c4b00000, 0x00000000c4b00000, 0x00000000c4c00000|  0%| F|  |TAMS 0x00000000c4b00000, 0x00000000c4b00000| Untracked 
|  76|0x00000000c4c00000, 0x00000000c4c00000, 0x00000000c4d00000|  0%| F|  |TAMS 0x00000000c4c00000, 0x00000000c4c00000| Untracked 
|  77|0x00000000c4d00000, 0x00000000c4d00000, 0x00000000c4e00000|  0%| F|  |TAMS 0x00000000c4d00000, 0x00000000c4d00000| Untracked 
|  78|0x00000000c4e00000, 0x00000000c4e00000, 0x00000000c4f00000|  0%| F|  |TAMS 0x00000000c4e00000, 0x00000000c4e00000| Untracked 
|  79|0x00000000c4f00000, 0x00000000c4f00000, 0x00000000c5000000|  0%| F|  |TAMS 0x00000000c4f00000, 0x00000000c4f00000| Untracked 
|  80|0x00000000c5000000, 0x00000000c5000000, 0x00000000c5100000|  0%| F|  |TAMS 0x00000000c5000000, 0x00000000c5000000| Untracked 
|  81|0x00000000c5100000, 0x00000000c5100000, 0x00000000c5200000|  0%| F|  |TAMS 0x00000000c5100000, 0x00000000c5100000| Untracked 
|  82|0x00000000c5200000, 0x00000000c5200000, 0x00000000c5300000|  0%| F|  |TAMS 0x00000000c5200000, 0x00000000c5200000| Untracked 
|  83|0x00000000c5300000, 0x00000000c5300000, 0x00000000c5400000|  0%| F|  |TAMS 0x00000000c5300000, 0x00000000c5300000| Untracked 
|  84|0x00000000c5400000, 0x00000000c5400000, 0x00000000c5500000|  0%| F|  |TAMS 0x00000000c5400000, 0x00000000c5400000| Untracked 
|  85|0x00000000c5500000, 0x00000000c5500000, 0x00000000c5600000|  0%| F|  |TAMS 0x00000000c5500000, 0x00000000c5500000| Untracked 
|  86|0x00000000c5600000, 0x00000000c5600000, 0x00000000c5700000|  0%| F|  |TAMS 0x00000000c5600000, 0x00000000c5600000| Untracked 
|  87|0x00000000c5700000, 0x00000000c5700000, 0x00000000c5800000|  0%| F|  |TAMS 0x00000000c5700000, 0x00000000c5700000| Untracked 
|  88|0x00000000c5800000, 0x00000000c5800000, 0x00000000c5900000|  0%| F|  |TAMS 0x00000000c5800000, 0x00000000c5800000| Untracked 
|  89|0x00000000c5900000, 0x00000000c5900000, 0x00000000c5a00000|  0%| F|  |TAMS 0x00000000c5900000, 0x00000000c5900000| Untracked 
|  90|0x00000000c5a00000, 0x00000000c5a00000, 0x00000000c5b00000|  0%| F|  |TAMS 0x00000000c5a00000, 0x00000000c5a00000| Untracked 
|  91|0x00000000c5b00000, 0x00000000c5b00000, 0x00000000c5c00000|  0%| F|  |TAMS 0x00000000c5b00000, 0x00000000c5b00000| Untracked 
|  92|0x00000000c5c00000, 0x00000000c5c00000, 0x00000000c5d00000|  0%| F|  |TAMS 0x00000000c5c00000, 0x00000000c5c00000| Untracked 
|  93|0x00000000c5d00000, 0x00000000c5d00000, 0x00000000c5e00000|  0%| F|  |TAMS 0x00000000c5d00000, 0x00000000c5d00000| Untracked 
|  94|0x00000000c5e00000, 0x00000000c5e00000, 0x00000000c5f00000|  0%| F|  |TAMS 0x00000000c5e00000, 0x00000000c5e00000| Untracked 
|  95|0x00000000c5f00000, 0x00000000c5f00000, 0x00000000c6000000|  0%| F|  |TAMS 0x00000000c5f00000, 0x00000000c5f00000| Untracked 
|  96|0x00000000c6000000, 0x00000000c6000000, 0x00000000c6100000|  0%| F|  |TAMS 0x00000000c6000000, 0x00000000c6000000| Untracked 
|  97|0x00000000c6100000, 0x00000000c6100000, 0x00000000c6200000|  0%| F|  |TAMS 0x00000000c6100000, 0x00000000c6100000| Untracked 
|  98|0x00000000c6200000, 0x00000000c6200000, 0x00000000c6300000|  0%| F|  |TAMS 0x00000000c6200000, 0x00000000c6200000| Untracked 
|  99|0x00000000c6300000, 0x00000000c6300000, 0x00000000c6400000|  0%| F|  |TAMS 0x00000000c6300000, 0x00000000c6300000| Untracked 
| 100|0x00000000c6400000, 0x00000000c6400000, 0x00000000c6500000|  0%| F|  |TAMS 0x00000000c6400000, 0x00000000c6400000| Untracked 
| 101|0x00000000c6500000, 0x00000000c6500000, 0x00000000c6600000|  0%| F|  |TAMS 0x00000000c6500000, 0x00000000c6500000| Untracked 
| 102|0x00000000c6600000, 0x00000000c6600000, 0x00000000c6700000|  0%| F|  |TAMS 0x00000000c6600000, 0x00000000c6600000| Untracked 
| 103|0x00000000c6700000, 0x00000000c6700000, 0x00000000c6800000|  0%| F|  |TAMS 0x00000000c6700000, 0x00000000c6700000| Untracked 
| 104|0x00000000c6800000, 0x00000000c6800000, 0x00000000c6900000|  0%| F|  |TAMS 0x00000000c6800000, 0x00000000c6800000| Untracked 
| 105|0x00000000c6900000, 0x00000000c6900000, 0x00000000c6a00000|  0%| F|  |TAMS 0x00000000c6900000, 0x00000000c6900000| Untracked 
| 106|0x00000000c6a00000, 0x00000000c6a00000, 0x00000000c6b00000|  0%| F|  |TAMS 0x00000000c6a00000, 0x00000000c6a00000| Untracked 
| 107|0x00000000c6b00000, 0x00000000c6b00000, 0x00000000c6c00000|  0%| F|  |TAMS 0x00000000c6b00000, 0x00000000c6b00000| Untracked 
| 108|0x00000000c6c00000, 0x00000000c6c00000, 0x00000000c6d00000|  0%| F|  |TAMS 0x00000000c6c00000, 0x00000000c6c00000| Untracked 
| 109|0x00000000c6d00000, 0x00000000c6d00000, 0x00000000c6e00000|  0%| F|  |TAMS 0x00000000c6d00000, 0x00000000c6d00000| Untracked 
| 110|0x00000000c6e00000, 0x00000000c6e00000, 0x00000000c6f00000|  0%| F|  |TAMS 0x00000000c6e00000, 0x00000000c6e00000| Untracked 
| 111|0x00000000c6f00000, 0x00000000c6f00000, 0x00000000c7000000|  0%| F|  |TAMS 0x00000000c6f00000, 0x00000000c6f00000| Untracked 
| 112|0x00000000c7000000, 0x00000000c7000000, 0x00000000c7100000|  0%| F|  |TAMS 0x00000000c7000000, 0x00000000c7000000| Untracked 
| 113|0x00000000c7100000, 0x00000000c7100000, 0x00000000c7200000|  0%| F|  |TAMS 0x00000000c7100000, 0x00000000c7100000| Untracked 
| 114|0x00000000c7200000, 0x00000000c7200000, 0x00000000c7300000|  0%| F|  |TAMS 0x00000000c7200000, 0x00000000c7200000| Untracked 
| 115|0x00000000c7300000, 0x00000000c7300000, 0x00000000c7400000|  0%| F|  |TAMS 0x00000000c7300000, 0x00000000c7300000| Untracked 
| 116|0x00000000c7400000, 0x00000000c7400000, 0x00000000c7500000|  0%| F|  |TAMS 0x00000000c7400000, 0x00000000c7400000| Untracked 
| 117|0x00000000c7500000, 0x00000000c7500000, 0x00000000c7600000|  0%| F|  |TAMS 0x00000000c7500000, 0x00000000c7500000| Untracked 
| 118|0x00000000c7600000, 0x00000000c7600000, 0x00000000c7700000|  0%| F|  |TAMS 0x00000000c7600000, 0x00000000c7600000| Untracked 
| 119|0x00000000c7700000, 0x00000000c7700000, 0x00000000c7800000|  0%| F|  |TAMS 0x00000000c7700000, 0x00000000c7700000| Untracked 
| 120|0x00000000c7800000, 0x00000000c7800000, 0x00000000c7900000|  0%| F|  |TAMS 0x00000000c7800000, 0x00000000c7800000| Untracked 
| 121|0x00000000c7900000, 0x00000000c7900000, 0x00000000c7a00000|  0%| F|  |TAMS 0x00000000c7900000, 0x00000000c7900000| Untracked 
| 122|0x00000000c7a00000, 0x00000000c7a00000, 0x00000000c7b00000|  0%| F|  |TAMS 0x00000000c7a00000, 0x00000000c7a00000| Untracked 
| 123|0x00000000c7b00000, 0x00000000c7b00000, 0x00000000c7c00000|  0%| F|  |TAMS 0x00000000c7b00000, 0x00000000c7b00000| Untracked 
| 124|0x00000000c7c00000, 0x00000000c7c00000, 0x00000000c7d00000|  0%| F|  |TAMS 0x00000000c7c00000, 0x00000000c7c00000| Untracked 
| 125|0x00000000c7d00000, 0x00000000c7d00000, 0x00000000c7e00000|  0%| F|  |TAMS 0x00000000c7d00000, 0x00000000c7d00000| Untracked 
| 126|0x00000000c7e00000, 0x00000000c7e00000, 0x00000000c7f00000|  0%| F|  |TAMS 0x00000000c7e00000, 0x00000000c7e00000| Untracked 
| 127|0x00000000c7f00000, 0x00000000c7f00000, 0x00000000c8000000|  0%| F|  |TAMS 0x00000000c7f00000, 0x00000000c7f00000| Untracked 
| 128|0x00000000c8000000, 0x00000000c8000000, 0x00000000c8100000|  0%| F|  |TAMS 0x00000000c8000000, 0x00000000c8000000| Untracked 
| 129|0x00000000c8100000, 0x00000000c8100000, 0x00000000c8200000|  0%| F|  |TAMS 0x00000000c8100000, 0x00000000c8100000| Untracked 
| 130|0x00000000c8200000, 0x00000000c8200000, 0x00000000c8300000|  0%| F|  |TAMS 0x00000000c8200000, 0x00000000c8200000| Untracked 
| 131|0x00000000c8300000, 0x00000000c8300000, 0x00000000c8400000|  0%| F|  |TAMS 0x00000000c8300000, 0x00000000c8300000| Untracked 
| 132|0x00000000c8400000, 0x00000000c8400000, 0x00000000c8500000|  0%| F|  |TAMS 0x00000000c8400000, 0x00000000c8400000| Untracked 
| 133|0x00000000c8500000, 0x00000000c8500000, 0x00000000c8600000|  0%| F|  |TAMS 0x00000000c8500000, 0x00000000c8500000| Untracked 
| 134|0x00000000c8600000, 0x00000000c8600000, 0x00000000c8700000|  0%| F|  |TAMS 0x00000000c8600000, 0x00000000c8600000| Untracked 
| 135|0x00000000c8700000, 0x00000000c8700000, 0x00000000c8800000|  0%| F|  |TAMS 0x00000000c8700000, 0x00000000c8700000| Untracked 
| 136|0x00000000c8800000, 0x00000000c8800000, 0x00000000c8900000|  0%| F|  |TAMS 0x00000000c8800000, 0x00000000c8800000| Untracked 
| 137|0x00000000c8900000, 0x00000000c8900000, 0x00000000c8a00000|  0%| F|  |TAMS 0x00000000c8900000, 0x00000000c8900000| Untracked 
| 138|0x00000000c8a00000, 0x00000000c8a00000, 0x00000000c8b00000|  0%| F|  |TAMS 0x00000000c8a00000, 0x00000000c8a00000| Untracked 
| 139|0x00000000c8b00000, 0x00000000c8b00000, 0x00000000c8c00000|  0%| F|  |TAMS 0x00000000c8b00000, 0x00000000c8b00000| Untracked 
| 140|0x00000000c8c00000, 0x00000000c8c00000, 0x00000000c8d00000|  0%| F|  |TAMS 0x00000000c8c00000, 0x00000000c8c00000| Untracked 
| 141|0x00000000c8d00000, 0x00000000c8d00000, 0x00000000c8e00000|  0%| F|  |TAMS 0x00000000c8d00000, 0x00000000c8d00000| Untracked 
| 142|0x00000000c8e00000, 0x00000000c8e00000, 0x00000000c8f00000|  0%| F|  |TAMS 0x00000000c8e00000, 0x00000000c8e00000| Untracked 
| 143|0x00000000c8f00000, 0x00000000c8f00000, 0x00000000c9000000|  0%| F|  |TAMS 0x00000000c8f00000, 0x00000000c8f00000| Untracked 
| 144|0x00000000c9000000, 0x00000000c9000000, 0x00000000c9100000|  0%| F|  |TAMS 0x00000000c9000000, 0x00000000c9000000| Untracked 
| 145|0x00000000c9100000, 0x00000000c9100000, 0x00000000c9200000|  0%| F|  |TAMS 0x00000000c9100000, 0x00000000c9100000| Untracked 
| 146|0x00000000c9200000, 0x00000000c9200000, 0x00000000c9300000|  0%| F|  |TAMS 0x00000000c9200000, 0x00000000c9200000| Untracked 
| 147|0x00000000c9300000, 0x00000000c9300000, 0x00000000c9400000|  0%| F|  |TAMS 0x00000000c9300000, 0x00000000c9300000| Untracked 
| 148|0x00000000c9400000, 0x00000000c9400000, 0x00000000c9500000|  0%| F|  |TAMS 0x00000000c9400000, 0x00000000c9400000| Untracked 
| 149|0x00000000c9500000, 0x00000000c9500000, 0x00000000c9600000|  0%| F|  |TAMS 0x00000000c9500000, 0x00000000c9500000| Untracked 
| 150|0x00000000c9600000, 0x00000000c9600000, 0x00000000c9700000|  0%| F|  |TAMS 0x00000000c9600000, 0x00000000c9600000| Untracked 
| 151|0x00000000c9700000, 0x00000000c9700000, 0x00000000c9800000|  0%| F|  |TAMS 0x00000000c9700000, 0x00000000c9700000| Untracked 
| 152|0x00000000c9800000, 0x00000000c9800000, 0x00000000c9900000|  0%| F|  |TAMS 0x00000000c9800000, 0x00000000c9800000| Untracked 
| 153|0x00000000c9900000, 0x00000000c9900000, 0x00000000c9a00000|  0%| F|  |TAMS 0x00000000c9900000, 0x00000000c9900000| Untracked 
| 154|0x00000000c9a00000, 0x00000000c9a00000, 0x00000000c9b00000|  0%| F|  |TAMS 0x00000000c9a00000, 0x00000000c9a00000| Untracked 
| 155|0x00000000c9b00000, 0x00000000c9b00000, 0x00000000c9c00000|  0%| F|  |TAMS 0x00000000c9b00000, 0x00000000c9b00000| Untracked 
| 156|0x00000000c9c00000, 0x00000000c9c00000, 0x00000000c9d00000|  0%| F|  |TAMS 0x00000000c9c00000, 0x00000000c9c00000| Untracked 
| 157|0x00000000c9d00000, 0x00000000c9d00000, 0x00000000c9e00000|  0%| F|  |TAMS 0x00000000c9d00000, 0x00000000c9d00000| Untracked 
| 158|0x00000000c9e00000, 0x00000000c9e00000, 0x00000000c9f00000|  0%| F|  |TAMS 0x00000000c9e00000, 0x00000000c9e00000| Untracked 
| 159|0x00000000c9f00000, 0x00000000c9f00000, 0x00000000ca000000|  0%| F|  |TAMS 0x00000000c9f00000, 0x00000000c9f00000| Untracked 
| 160|0x00000000ca000000, 0x00000000ca0e44e8, 0x00000000ca100000| 89%| E|  |TAMS 0x00000000ca000000, 0x00000000ca000000| Complete 
| 161|0x00000000ca100000, 0x00000000ca200000, 0x00000000ca200000|100%| E|CS|TAMS 0x00000000ca100000, 0x00000000ca100000| Complete 
| 162|0x00000000ca200000, 0x00000000ca300000, 0x00000000ca300000|100%| E|CS|TAMS 0x00000000ca200000, 0x00000000ca200000| Complete 
| 163|0x00000000ca300000, 0x00000000ca400000, 0x00000000ca400000|100%| E|CS|TAMS 0x00000000ca300000, 0x00000000ca300000| Complete 
| 164|0x00000000ca400000, 0x00000000ca500000, 0x00000000ca500000|100%| E|CS|TAMS 0x00000000ca400000, 0x00000000ca400000| Complete 
| 165|0x00000000ca500000, 0x00000000ca600000, 0x00000000ca600000|100%| E|CS|TAMS 0x00000000ca500000, 0x00000000ca500000| Complete 
| 166|0x00000000ca600000, 0x00000000ca700000, 0x00000000ca700000|100%| E|CS|TAMS 0x00000000ca600000, 0x00000000ca600000| Complete 
| 167|0x00000000ca700000, 0x00000000ca800000, 0x00000000ca800000|100%| E|CS|TAMS 0x00000000ca700000, 0x00000000ca700000| Complete 
| 168|0x00000000ca800000, 0x00000000ca900000, 0x00000000ca900000|100%| E|CS|TAMS 0x00000000ca800000, 0x00000000ca800000| Complete 
| 169|0x00000000ca900000, 0x00000000caa00000, 0x00000000caa00000|100%| E|CS|TAMS 0x00000000ca900000, 0x00000000ca900000| Complete 

Card table byte_map: [0x000001eba7eb0000,0x000001eba80b0000] _byte_map_base: 0x000001eba78b0000

Marking Bits (Prev, Next): (CMBitMap*) 0x000001eb9164ca78, (CMBitMap*) 0x000001eb9164cab0
 Prev Bits: [0x000001eba82b0000, 0x000001eba92b0000)
 Next Bits: [0x000001eba92b0000, 0x000001ebaa2b0000)

Polling page: 0x000001eb90de0000

Metaspace:

Usage:
  Non-class:    116.17 MB capacity,   112.56 MB ( 97%) used,     2.77 MB (  2%) free+waste,   856.00 KB ( <1%) overhead. 
      Class:     21.97 MB capacity,    18.51 MB ( 84%) used,     3.00 MB ( 14%) free+waste,   462.63 KB (  2%) overhead. 
       Both:    138.13 MB capacity,   131.07 MB ( 95%) used,     5.78 MB (  4%) free+waste,     1.29 MB ( <1%) overhead. 

Virtual space:
  Non-class space:      118.00 MB reserved,     117.45 MB (>99%) committed 
      Class space:        1.00 GB reserved,      22.52 MB (  2%) committed 
             Both:        1.12 GB reserved,     139.98 MB ( 12%) committed 

Chunk freelists:
   Non-Class:  148.38 KB
       Class:  64.38 KB
        Both:  212.75 KB

CodeHeap 'non-profiled nmethods': size=120064Kb used=13091Kb max_used=13091Kb free=106972Kb
 bounds [0x000001eba0770000, 0x000001eba1440000, 0x000001eba7cb0000]
CodeHeap 'profiled nmethods': size=120000Kb used=37770Kb max_used=37905Kb free=82229Kb
 bounds [0x000001eb99240000, 0x000001eb9b790000, 0x000001eba0770000]
CodeHeap 'non-nmethods': size=5696Kb used=1491Kb max_used=1557Kb free=4204Kb
 bounds [0x000001eb98cb0000, 0x000001eb98f20000, 0x000001eb99240000]
 total_blobs=19891 nmethods=18904 adapters=895
 compilation: enabled
              stopped_count=0, restarted_count=0
 full_count=0

Compilation events (10 events):
Event: 42178.560 Thread 0x000001ebac7dd000 20622       3       io.netty.util.concurrent.ScheduledFutureTask::delayNanos (12 bytes)
Event: 42178.561 Thread 0x000001ebac7dd000 nmethod 20622 0x000001eb9a2aa410 code [0x000001eb9a2aa600, 0x000001eb9a2aac38]
Event: 42178.561 Thread 0x000001ebac7dd000 20623       3       io.netty.util.concurrent.ScheduledFutureTask::delayNanos (9 bytes)
Event: 42178.562 Thread 0x000001ebac7dd000 nmethod 20623 0x000001eb9a2ad690 code [0x000001eb9a2ad840, 0x000001eb9a2adad8]
Event: 42178.562 Thread 0x000001ebac7dd000 20624       3       io.netty.util.concurrent.PromiseTask::setUncancellableInternal (5 bytes)
Event: 42178.562 Thread 0x000001ebac7dd000 nmethod 20624 0x000001eb9a2a1490 code [0x000001eb9a2a1640, 0x000001eb9a2a1768]
Event: 42298.521 Thread 0x000001ebac7dd000 20626       3       io.netty.handler.timeout.IdleStateHandler::newIdleStateEvent (114 bytes)
Event: 42298.568 Thread 0x000001ebac7dd000 nmethod 20626 0x000001eb9a2dc790 code [0x000001eb9a2dca60, 0x000001eb9a2dd7f8]
Event: 42298.568 Thread 0x000001ebac7dd000 20627       3       io.netty.handler.timeout.IdleStateHandler::channelIdle (9 bytes)
Event: 42298.588 Thread 0x000001ebac7dd000 nmethod 20627 0x000001eb9a2b1f10 code [0x000001eb9a2b2100, 0x000001eb9a2b27c8]

GC Heap History (10 events):
Event: 34221.240 GC heap before
{Heap before GC invocations=1052 (full 18):
 garbage-first heap   total 178176K, used 60773K [0x00000000c0000000, 0x0000000100000000)
  region size 1024K, 11 young (11264K), 0 survivors (0K)
 Metaspace       used 134172K, capacity 141450K, committed 143336K, reserved 1169408K
  class space    used 18955K, capacity 22493K, committed 23064K, reserved 1048576K
}
Event: 34221.358 GC heap after
{Heap after GC invocations=1053 (full 19):
 garbage-first heap   total 178176K, used 50540K [0x00000000c0000000, 0x0000000100000000)
  region size 1024K, 0 young (0K), 0 survivors (0K)
 Metaspace       used 134172K, capacity 141450K, committed 143336K, reserved 1169408K
  class space    used 18955K, capacity 22493K, committed 23064K, reserved 1048576K
}
Event: 36021.235 GC heap before
{Heap before GC invocations=1053 (full 19):
 garbage-first heap   total 178176K, used 59756K [0x00000000c0000000, 0x0000000100000000)
  region size 1024K, 10 young (10240K), 0 survivors (0K)
 Metaspace       used 134186K, capacity 141450K, committed 143336K, reserved 1169408K
  class space    used 18955K, capacity 22493K, committed 23064K, reserved 1048576K
}
Event: 36021.345 GC heap after
{Heap after GC invocations=1054 (full 20):
 garbage-first heap   total 178176K, used 50540K [0x00000000c0000000, 0x0000000100000000)
  region size 1024K, 0 young (0K), 0 survivors (0K)
 Metaspace       used 134186K, capacity 141450K, committed 143336K, reserved 1169408K
  class space    used 18955K, capacity 22493K, committed 23064K, reserved 1048576K
}
Event: 37821.229 GC heap before
{Heap before GC invocations=1054 (full 20):
 garbage-first heap   total 178176K, used 60780K [0x00000000c0000000, 0x0000000100000000)
  region size 1024K, 11 young (11264K), 0 survivors (0K)
 Metaspace       used 134203K, capacity 141450K, committed 143336K, reserved 1169408K
  class space    used 18955K, capacity 22493K, committed 23064K, reserved 1048576K
}
Event: 37821.324 GC heap after
{Heap after GC invocations=1055 (full 21):
 garbage-first heap   total 178176K, used 50535K [0x00000000c0000000, 0x0000000100000000)
  region size 1024K, 0 young (0K), 0 survivors (0K)
 Metaspace       used 134203K, capacity 141450K, committed 143336K, reserved 1169408K
  class space    used 18955K, capacity 22493K, committed 23064K, reserved 1048576K
}
Event: 39621.448 GC heap before
{Heap before GC invocations=1055 (full 21):
 garbage-first heap   total 178176K, used 59751K [0x00000000c0000000, 0x0000000100000000)
  region size 1024K, 10 young (10240K), 0 survivors (0K)
 Metaspace       used 134203K, capacity 141450K, committed 143336K, reserved 1169408K
  class space    used 18955K, capacity 22493K, committed 23064K, reserved 1048576K
}
Event: 39622.731 GC heap after
{Heap after GC invocations=1056 (full 22):
 garbage-first heap   total 178176K, used 50538K [0x00000000c0000000, 0x0000000100000000)
  region size 1024K, 0 young (0K), 0 survivors (0K)
 Metaspace       used 134203K, capacity 141450K, committed 143336K, reserved 1169408K
  class space    used 18955K, capacity 22493K, committed 23064K, reserved 1048576K
}
Event: 41421.250 GC heap before
{Heap before GC invocations=1056 (full 22):
 garbage-first heap   total 178176K, used 60778K [0x00000000c0000000, 0x0000000100000000)
  region size 1024K, 11 young (11264K), 0 survivors (0K)
 Metaspace       used 134204K, capacity 141450K, committed 143336K, reserved 1169408K
  class space    used 18955K, capacity 22493K, committed 23064K, reserved 1048576K
}
Event: 41421.571 GC heap after
{Heap after GC invocations=1057 (full 23):
 garbage-first heap   total 174080K, used 50537K [0x00000000c0000000, 0x0000000100000000)
  region size 1024K, 0 young (0K), 0 survivors (0K)
 Metaspace       used 134204K, capacity 141450K, committed 143336K, reserved 1169408K
  class space    used 18955K, capacity 22493K, committed 23064K, reserved 1048576K
}

Deoptimization events (10 events):
Event: 19257.031 Thread 0x000001ebad3ae800 Uncommon trap: reason=unstable_if action=reinterpret pc=0x000001eba0bb764c method=net.jpountz.lz4.LZ4BlockInputStream.read()I @ 17 c2
Event: 19257.047 Thread 0x000001ebad3ae800 Uncommon trap: reason=unstable_if action=reinterpret pc=0x000001eba0b6e828 method=org.apache.spark.util.io.ChunkedByteBufferInputStream.read([BII)I @ 14 c2
Event: 19257.342 Thread 0x000001ebad3ae800 Uncommon trap: reason=unstable_if action=reinterpret pc=0x000001eba0bb6af0 method=org.apache.spark.sql.execution.SparkPlan$$anon$1.getNext()Lorg/apache/spark/sql/catalyst/InternalRow; @ 5 c2
Event: 19258.433 Thread 0x000001ebb3b06000 Uncommon trap: reason=unstable_if action=reinterpret pc=0x000001eba0c583b0 method=net.razorvine.pickle.Pickler.lookupMemo(Ljava/lang/Class;Ljava/lang/Object;)Z @ 101 c2
Event: 19258.562 Thread 0x000001ebb3b06000 Uncommon trap: reason=unstable_if action=reinterpret pc=0x000001eba0c40ef8 method=net.razorvine.pickle.Pickler.lookupMemo(Ljava/lang/Class;Ljava/lang/Object;)Z @ 101 c2
Event: 19263.658 Thread 0x000001ebb3b06000 Uncommon trap: reason=unstable_if action=reinterpret pc=0x000001eba13d6abc method=net.razorvine.pickle.Pickler.writeMemo(Ljava/lang/Object;)V @ 38 c2
Event: 19266.556 Thread 0x000001ebb3b06000 Uncommon trap: reason=unstable_if action=reinterpret pc=0x000001eba13c1c90 method=net.razorvine.pickle.Pickler.writeMemo(Ljava/lang/Object;)V @ 38 c2
Event: 19289.345 Thread 0x000001ebb3b06000 Uncommon trap: reason=unstable_if action=reinterpret pc=0x000001eba13eb5e0 method=org.apache.spark.api.python.SerDeUtil$AutoBatchedPickler.next()[B @ 9 c2
Event: 22588.062 Thread 0x000001ebb0fe2800 Uncommon trap: reason=unstable_if action=reinterpret pc=0x000001eba0c10484 method=java.util.concurrent.ConcurrentSkipListMap.tryReduceLevel()V @ 45 c2
Event: 23925.420 Thread 0x000001ebb0fdf000 Uncommon trap: reason=unstable_if action=reinterpret pc=0x000001eba07a2128 method=java.util.concurrent.locks.AbstractQueuedSynchronizer$ConditionObject.awaitNanos(J)J @ 79 c2

Classes redefined (0 events):
No events

Internal exceptions (10 events):
Event: 19002.348 Thread 0x000001ebb78be000 Implicit null exception at 0x000001eba0e5937e to 0x000001eba0e5a448
Event: 19002.349 Thread 0x000001ebb78bc000 Implicit null exception at 0x000001eba0e57931 to 0x000001eba0e58548
Event: 19042.546 Thread 0x000001ebad3ae800 Implicit null exception at 0x000001eba12de1ce to 0x000001eba12e04a4
Event: 19234.761 Thread 0x000001ebb78bb800 Exception <a 'java/lang/NoSuchMethodError'{0x00000000cee36200}: static Lorg/apache/spark/util/io/ChunkedByteBuffer;.<clinit>()V> (0x00000000cee36200) thrown at [./open/src/hotspot/share/prims/jni.cpp, line 1366]
Event: 19244.746 Thread 0x000001ebad3ae800 Implicit null exception at 0x000001eba10a34f1 to 0x000001eba10a3604
Event: 19256.104 Thread 0x000001ebb78b9000 Exception <a 'java/lang/NoSuchMethodError'{0x00000000d1801b90}: static [Lscala/Tuple2;.<clinit>()V> (0x00000000d1801b90) thrown at [./open/src/hotspot/share/prims/jni.cpp, line 1366]
Event: 19256.164 Thread 0x000001ebb78b9000 Exception <a 'java/lang/NoSuchMethodError'{0x00000000d182bdf0}: static Lorg/apache/spark/scheduler/IndirectTaskResult;.<clinit>()V> (0x00000000d182bdf0) thrown at [./open/src/hotspot/share/prims/jni.cpp, line 1366]
Event: 19256.165 Thread 0x000001ebb78b9000 Exception <a 'java/lang/NoSuchMethodError'{0x00000000d1836b28}: static Lorg/apache/spark/storage/TaskResultBlockId;.<clinit>()V> (0x00000000d1836b28) thrown at [./open/src/hotspot/share/prims/jni.cpp, line 1366]
Event: 19256.200 Thread 0x000001ebb8173800 Exception <a 'java/lang/NoSuchMethodError'{0x00000000ced036d0}: java.lang.invoke.Invokers$Holder.linkToTargetMethod(Ljava/lang/Object;Ljava/lang/Object;JLjava/lang/Object;Ljava/lang/Object;Ljava/lang/Object;)Ljava/lang/Object;> (0x00000000ced036d0) thrown
Event: 19256.588 Thread 0x000001ebaf13b800 Exception <a 'java/lang/NoSuchMethodError'{0x00000000d3004c20}: java.lang.invoke.DirectMethodHandle$Holder.invokeSpecial(Ljava/lang/Object;Ljava/lang/Object;Ljava/lang/Object;Ljava/lang/Object;)V> (0x00000000d3004c20) thrown at [./open/src/hotspot/share/i

Events (10 events):
Event: 34221.359 Executing VM operation: G1CollectFull done
Event: 36021.234 Executing VM operation: G1CollectFull
Event: 36021.345 Executing VM operation: G1CollectFull done
Event: 37821.229 Executing VM operation: G1CollectFull
Event: 37821.324 Executing VM operation: G1CollectFull done
Event: 39621.347 Executing VM operation: G1CollectFull
Event: 39622.732 Executing VM operation: G1CollectFull done
Event: 41421.241 Executing VM operation: G1CollectFull
Event: 41421.571 Executing VM operation: G1CollectFull done
Event: 43221.250 Executing VM operation: G1CollectFull


Dynamic libraries:
0x00007ff72bb60000 - 0x00007ff72bb6f000 	C:\Program Files\Java\jdk-11.0.15\bin\java.exe
0x00007ffc69790000 - 0x00007ffc69988000 	C:\Windows\SYSTEM32\ntdll.dll
0x00007ffc68410000 - 0x00007ffc684cd000 	C:\Windows\System32\KERNEL32.DLL
0x00007ffc66e90000 - 0x00007ffc67186000 	C:\Windows\System32\KERNELBASE.dll
0x00007ffc67200000 - 0x00007ffc67300000 	C:\Windows\System32\ucrtbase.dll
0x00007ffc28c50000 - 0x00007ffc28c68000 	C:\Program Files\Java\jdk-11.0.15\bin\jli.dll
0x00007ffc69090000 - 0x00007ffc69143000 	C:\Windows\System32\ADVAPI32.dll
0x00007ffc69590000 - 0x00007ffc6962e000 	C:\Windows\System32\msvcrt.dll
0x00007ffc68640000 - 0x00007ffc686df000 	C:\Windows\System32\sechost.dll
0x00007ffc68760000 - 0x00007ffc68886000 	C:\Windows\System32\RPCRT4.dll
0x00007ffc675b0000 - 0x00007ffc675d7000 	C:\Windows\System32\bcrypt.dll
0x00007ffbcb180000 - 0x00007ffbcb195000 	C:\Program Files\Java\jdk-11.0.15\bin\VCRUNTIME140.dll
0x00007ffc67ab0000 - 0x00007ffc67c4e000 	C:\Windows\System32\USER32.dll
0x00007ffc66e60000 - 0x00007ffc66e82000 	C:\Windows\System32\win32u.dll
0x00007ffc68600000 - 0x00007ffc6862c000 	C:\Windows\System32\GDI32.dll
0x00007ffc676c0000 - 0x00007ffc677da000 	C:\Windows\System32\gdi32full.dll
0x00007ffc67510000 - 0x00007ffc675ad000 	C:\Windows\System32\msvcp_win.dll
0x00007ffc57100000 - 0x00007ffc5739a000 	C:\Windows\WinSxS\amd64_microsoft.windows.common-controls_6595b64144ccf1df_6.0.19041.3636_none_60b6a03d71f818d5\COMCTL32.dll
0x00007ffc57fd0000 - 0x00007ffc57fda000 	C:\Windows\SYSTEM32\VERSION.dll
0x00007ffc677e0000 - 0x00007ffc67810000 	C:\Windows\System32\IMM32.DLL
0x00007ffbc3920000 - 0x00007ffbc39bb000 	C:\Program Files\Java\jdk-11.0.15\bin\msvcp140.dll
0x00007ffbbacb0000 - 0x00007ffbbb7c6000 	C:\Program Files\Java\jdk-11.0.15\bin\server\jvm.dll
0x00007ffc68400000 - 0x00007ffc68408000 	C:\Windows\System32\PSAPI.DLL
0x00007ffc64030000 - 0x00007ffc64039000 	C:\Windows\SYSTEM32\WSOCK32.dll
0x00007ffc69630000 - 0x00007ffc6969b000 	C:\Windows\System32\WS2_32.dll
0x00007ffc540e0000 - 0x00007ffc54107000 	C:\Windows\SYSTEM32\WINMM.dll
0x00007ffc65660000 - 0x00007ffc65672000 	C:\Windows\SYSTEM32\kernel.appcore.dll
0x00007ffc30230000 - 0x00007ffc30240000 	C:\Program Files\Java\jdk-11.0.15\bin\verify.dll
0x00007ffc64420000 - 0x00007ffc64604000 	C:\Windows\SYSTEM32\DBGHELP.DLL
0x00007ffc52770000 - 0x00007ffc527a4000 	C:\Windows\SYSTEM32\dbgcore.DLL
0x00007ffc675e0000 - 0x00007ffc67662000 	C:\Windows\System32\bcryptPrimitives.dll
0x00007ffbc38f0000 - 0x00007ffbc3918000 	C:\Program Files\Java\jdk-11.0.15\bin\java.dll
0x00007ffc301d0000 - 0x00007ffc301da000 	C:\Program Files\Java\jdk-11.0.15\bin\jimage.dll
0x00007ffbca800000 - 0x00007ffbca816000 	C:\Program Files\Java\jdk-11.0.15\bin\zip.dll
0x00007ffc68890000 - 0x00007ffc68fd5000 	C:\Windows\System32\SHELL32.dll
0x00007ffc64eb0000 - 0x00007ffc6564b000 	C:\Windows\SYSTEM32\windows.storage.dll
0x00007ffc691b0000 - 0x00007ffc69504000 	C:\Windows\System32\combase.dll
0x00007ffc666e0000 - 0x00007ffc6670d000 	C:\Windows\SYSTEM32\Wldp.dll
0x00007ffc696a0000 - 0x00007ffc6974d000 	C:\Windows\System32\SHCORE.dll
0x00007ffc68700000 - 0x00007ffc68755000 	C:\Windows\System32\shlwapi.dll
0x00007ffc66d90000 - 0x00007ffc66db5000 	C:\Windows\SYSTEM32\profapi.dll
0x00007ffbc38d0000 - 0x00007ffbc38e9000 	C:\Program Files\Java\jdk-11.0.15\bin\net.dll
0x00007ffc5b4d0000 - 0x00007ffc5b5da000 	C:\Windows\SYSTEM32\WINHTTP.dll
0x00007ffc664c0000 - 0x00007ffc6652a000 	C:\Windows\system32\mswsock.dll
0x00007ffbc38b0000 - 0x00007ffbc38c2000 	C:\Program Files\Java\jdk-11.0.15\bin\nio.dll
0x00007ffc2f210000 - 0x00007ffc2f219000 	C:\Program Files\Java\jdk-11.0.15\bin\management.dll
0x00007ffc2e9d0000 - 0x00007ffc2e9db000 	C:\Program Files\Java\jdk-11.0.15\bin\management_ext.dll
0x00007ffc49b80000 - 0x00007ffc49b97000 	C:\Windows\system32\napinsp.dll
0x00007ffc49b00000 - 0x00007ffc49b1b000 	C:\Windows\system32\pnrpnsp.dll
0x00007ffc49a20000 - 0x00007ffc49a35000 	C:\Windows\system32\wshbth.dll
0x00007ffc62320000 - 0x00007ffc6233d000 	C:\Windows\system32\NLAapi.dll
0x00007ffc661d0000 - 0x00007ffc6620b000 	C:\Windows\SYSTEM32\IPHLPAPI.DLL
0x00007ffc66210000 - 0x00007ffc662da000 	C:\Windows\SYSTEM32\DNSAPI.dll
0x00007ffc685f0000 - 0x00007ffc685f8000 	C:\Windows\System32\NSI.dll
0x00007ffc49970000 - 0x00007ffc49982000 	C:\Windows\System32\winrnr.dll
0x00007ffc58cc0000 - 0x00007ffc58cca000 	C:\Windows\System32\rasadhlp.dll
0x00007ffc58f50000 - 0x00007ffc58fd0000 	C:\Windows\System32\fwpuclnt.dll
0x00007ffc66720000 - 0x00007ffc66738000 	C:\Windows\SYSTEM32\CRYPTSP.dll
0x00007ffc65e10000 - 0x00007ffc65e44000 	C:\Windows\system32\rsaenh.dll
0x00007ffc66d10000 - 0x00007ffc66d3e000 	C:\Windows\SYSTEM32\USERENV.dll
0x00007ffc66650000 - 0x00007ffc6665c000 	C:\Windows\SYSTEM32\CRYPTBASE.dll
0x00007ffc5e390000 - 0x00007ffc5e3a7000 	C:\Windows\SYSTEM32\dhcpcsvc6.DLL
0x00007ffc5e000000 - 0x00007ffc5e01d000 	C:\Windows\SYSTEM32\dhcpcsvc.DLL
0x00007ffbc3890000 - 0x00007ffbc38aa000 	C:\hadoop-2.10.2\bin\hadoop.dll
0x00007ffbc3390000 - 0x00007ffbc347f000 	C:\Windows\SYSTEM32\MSVCR120.dll
0x00007ffc52e70000 - 0x00007ffc52e89000 	C:\Windows\SYSTEM32\NETAPI32.dll
0x00007ffc65b40000 - 0x00007ffc65b90000 	C:\Windows\SYSTEM32\AUTHZ.dll
0x00007ffc59440000 - 0x00007ffc59459000 	C:\Windows\SYSTEM32\SAMCLI.DLL
0x00007ffc662e0000 - 0x00007ffc662ec000 	C:\Windows\SYSTEM32\NETUTILS.DLL
0x00007ffc2d4b0000 - 0x00007ffc2d4b9000 	C:\Program Files\Java\jdk-11.0.15\bin\jaas.dll
0x0000000066f40000 - 0x0000000066fc4000 	C:\Users\idaas\AppData\Local\Temp\liblz4-java-16074348645290268939.so
0x00007ffc65f50000 - 0x00007ffc65f83000 	C:\Windows\SYSTEM32\ntmarta.dll

dbghelp: loaded successfully - version: 4.0.5 - missing functions: none
symbol engine: initialized successfully - sym options: 0x614 - pdb path: .;C:\Program Files\Java\jdk-11.0.15\bin;C:\Windows\SYSTEM32;C:\Windows\WinSxS\amd64_microsoft.windows.common-controls_6595b64144ccf1df_6.0.19041.3636_none_60b6a03d71f818d5;C:\Program Files\Java\jdk-11.0.15\bin\server;C:\hadoop-2.10.2\bin;C:\Users\idaas\AppData\Local\Temp

VM Arguments:
jvm_args: -Xmx1g -XX:+IgnoreUnrecognizedVMOptions --add-opens=java.base/java.lang=ALL-UNNAMED --add-opens=java.base/java.lang.invoke=ALL-UNNAMED --add-opens=java.base/java.lang.reflect=ALL-UNNAMED --add-opens=java.base/java.io=ALL-UNNAMED --add-opens=java.base/java.net=ALL-UNNAMED --add-opens=java.base/java.nio=ALL-UNNAMED --add-opens=java.base/java.util=ALL-UNNAMED --add-opens=java.base/java.util.concurrent=ALL-UNNAMED --add-opens=java.base/java.util.concurrent.atomic=ALL-UNNAMED --add-opens=java.base/sun.nio.ch=ALL-UNNAMED --add-opens=java.base/sun.nio.cs=ALL-UNNAMED --add-opens=java.base/sun.security.action=ALL-UNNAMED --add-opens=java.base/sun.util.calendar=ALL-UNNAMED --add-opens=java.security.jgss/sun.security.krb5=ALL-UNNAMED -Djdk.reflect.useDirectMethodHandle=false 
java_command: org.apache.spark.deploy.SparkSubmit pyspark-shell
java_class_path (initial): C:\Users\idaas\anaconda3\envs\pyspark-env\Lib\site-packages\pyspark\bin\..\conf;C:\Users\idaas\anaconda3\envs\pyspark-env\lib\site-packages\pyspark\jars\activation-1.1.1.jar;C:\Users\idaas\anaconda3\envs\pyspark-env\lib\site-packages\pyspark\jars\aircompressor-0.21.jar;C:\Users\idaas\anaconda3\envs\pyspark-env\lib\site-packages\pyspark\jars\algebra_2.12-2.0.1.jar;C:\Users\idaas\anaconda3\envs\pyspark-env\lib\site-packages\pyspark\jars\annotations-17.0.0.jar;C:\Users\idaas\anaconda3\envs\pyspark-env\lib\site-packages\pyspark\jars\antlr-runtime-3.5.2.jar;C:\Users\idaas\anaconda3\envs\pyspark-env\lib\site-packages\pyspark\jars\antlr4-runtime-4.9.3.jar;C:\Users\idaas\anaconda3\envs\pyspark-env\lib\site-packages\pyspark\jars\aopalliance-repackaged-2.6.1.jar;C:\Users\idaas\anaconda3\envs\pyspark-env\lib\site-packages\pyspark\jars\arpack-3.0.3.jar;C:\Users\idaas\anaconda3\envs\pyspark-env\lib\site-packages\pyspark\jars\arpack_combined_all-0.1.jar;C:\Users\idaas\anaconda3\envs\pyspark-env\lib\site-packages\pyspark\jars\arrow-format-11.0.0.jar;C:\Users\idaas\anaconda3\envs\pyspark-env\lib\site-packages\pyspark\jars\arrow-memory-core-11.0.0.jar;C:\Users\idaas\anaconda3\envs\pyspark-env\lib\site-packages\pyspark\jars\arrow-memory-netty-11.0.0.jar;C:\Users\idaas\anaconda3\envs\pyspark-env\lib\site-packages\pyspark\jars\arrow-vector-11.0.0.jar;C:\Users\idaas\anaconda3\envs\pyspark-env\lib\site-packages\pyspark\jars\audience-annotations-0.5.0.jar;C:\Users\idaas\anaconda3\envs\pyspark-env\lib\site-packages\pyspark\jars\avro-1.11.1.jar;C:\Users\idaas\anaconda3\envs\pyspark-env\lib\site-packages\pyspark\jars\avro-ipc-1.11.1.jar;C:\Users\idaas\anaconda3\envs\pyspark-env\lib\site-packages\pyspark\jars\avro-mapred-1.11.1.jar;C:\Users\idaas\anaconda3\envs\pyspark-env\lib\site-packages\pyspark\jars\blas-3.0.3.jar;C:\Users\idaas\anaconda3\envs\pyspark-env\lib\site-packages\pyspark\jars\bonecp-0.8.0.RELEASE.jar;C:\Users\idaas\anaconda3\envs\pyspark-env\lib\site
Launcher Type: SUN_STANDARD

[Global flags]
     intx CICompilerCount                          = 3                                         {product} {ergonomic}
     uint ConcGCThreads                            = 1                                         {product} {ergonomic}
     uint G1ConcRefinementThreads                  = 4                                         {product} {ergonomic}
   size_t G1HeapRegionSize                         = 1048576                                   {product} {ergonomic}
    uintx GCDrainStackTargetSize                   = 64                                        {product} {ergonomic}
     bool IgnoreUnrecognizedVMOptions              = true                                      {product} {command line}
   size_t InitialHeapSize                          = 134217728                                 {product} {ergonomic}
   size_t MarkStackSize                            = 4194304                                   {product} {ergonomic}
   size_t MaxHeapSize                              = 1073741824                                {product} {command line}
   size_t MaxNewSize                               = 643825664                                 {product} {ergonomic}
   size_t MinHeapDeltaBytes                        = 1048576                                   {product} {ergonomic}
    uintx NonNMethodCodeHeapSize                   = 5830732                                {pd product} {ergonomic}
    uintx NonProfiledCodeHeapSize                  = 122913754                              {pd product} {ergonomic}
    uintx ProfiledCodeHeapSize                     = 122913754                              {pd product} {ergonomic}
    uintx ReservedCodeCacheSize                    = 251658240                              {pd product} {ergonomic}
     bool SegmentedCodeCache                       = true                                      {product} {ergonomic}
     bool UseCompressedClassPointers               = true                                 {lp64_product} {ergonomic}
     bool UseCompressedOops                        = true                                 {lp64_product} {ergonomic}
     bool UseG1GC                                  = true                                      {product} {ergonomic}
     bool UseLargePagesIndividualAllocation        = false                                  {pd product} {ergonomic}

Logging:
Log output configuration:
 #0: stdout all=warning uptime,level,tags
 #1: stderr all=off uptime,level,tags

Environment Variables:
JAVA_HOME=C:\Program Files\Java\jdk-11.0.15
PATH=C:\Users\idaas\anaconda3;C:\Users\idaas\anaconda3\Library\mingw-w64\bin;C:\Users\idaas\anaconda3\Library\usr\bin;C:\Users\idaas\anaconda3\Library\bin;C:\Users\idaas\anaconda3\Scripts;C:\Users\idaas\anaconda3\bin;C:\Users\idaas\anaconda3\condabin;C:\Python312\Scripts;C:\Python312;C:\Python310\Scripts;C:\Python310;C:\Program Files\Common Files\Oracle\Java\javapath;C:\Python39\Scripts;C:\Python39;C:\Windows\system32;C:\Windows;C:\Windows\System32\Wbem;C:\Windows\System32\WindowsPowerShell\v1.0;C:\Windows\System32\OpenSSH;C:\Program Files\Git\cmd;C:\ProgramData\chocolatey\bin;C:\xampp\php\php.exe;C:\xampp\php;C:\composer;C:\Program Files\dotnet;D:\flutter\bin;C:\Program Files\Docker\Docker\resources\bin;C:\ProgramData\DockerDesktop\version-bin;C:\Program Files\nodejs;C:\hadoop-2.10.2\bin;C:\hadoop-2.10.2\sbin;C:\Program Files\Graphviz\bin;C:\Program Files\MySQL\MySQL Shell 8.0\bin;C:\Users\idaas\AppData\Local\Programs\Python\Python38\Scripts;C:\Users\idaas\AppData\Local\Programs\Python\Python38;C:\Users\idaas\AppData\Local\Microsoft\WindowsApps;C:\Users\idaas\AppData\Local\Programs\Microsoft VS Code\bin;C:\Program Files\JetBrains\IntelliJ IDEA Community Edition 2020.3.3\bin;.;C:\Program Files\Java\jdk-15.0.2\bin;C:\Users\idaas\AppData\Local\JetBrains\PhpStorm 2021.2.2\bin;.;C:\xampp\php\php.exe;C:\Program Files\heroku\bin;C:\Users\idaas\.dotnet\tools;D:\flutter\bin;C:\Users\idaas\AppData\Roaming\npm
USERNAME=idaas
OS=Windows_NT
PROCESSOR_IDENTIFIER=Intel64 Family 6 Model 61 Stepping 4, GenuineIntel



---------------  S Y S T E M  ---------------

OS: Windows 10 , 64 bit Build 19041 (10.0.19041.3636)
Hyper-V role detected

CPU:total 4 (initial active 4) (2 cores per cpu, 2 threads per core) family 6 model 61 stepping 4 microcode 0x2d, cmov, cx8, fxsr, mmx, sse, sse2, sse3, ssse3, sse4.1, sse4.2, popcnt, avx, avx2, aes, clmul, erms, 3dnowpref, lzcnt, ht, tsc, tscinvbit, bmi1, bmi2, adx, fma

Memory: 4k page, system-wide physical 8107M (460M free)
TotalPageFile size 32683M (AvailPageFile size 61M)
current process WorkingSet (physical memory assigned to process): 17M, peak: 928M
current process commit charge ("private bytes"): 541M, peak: 1039M

vm_info: Java HotSpot(TM) 64-Bit Server VM (11.0.15+8-LTS-149) for windows-amd64 JRE (11.0.15+8-LTS-149), built on Mar  9 2022 22:42:32 by "mach5one" with MS VC++ 15.9 (VS2017)

END.
